<?xml version="1.0" encoding="UTF-8"?>
<!-- Generated by org.testng.reporters.JUnitReportReporter -->
<testsuite skipped="0" hostname="LAPTOP-O6B4NDTN" name="test.HomeSearchTest" tests="3" failures="0" timestamp="23 Oct 2018 07:39:15 GMT" time="56.731" errors="0">
  <testcase name="openWebsite" time="50.887" classname="test.HomeSearchTest"/>
  <testcase name="searchResultCount" time="0.084" classname="test.HomeSearchTest"/>
  <testcase name="searchHomes" time="5.760" classname="test.HomeSearchTest"/>
</testsuite> <!-- test.HomeSearchTest -->
