<?xml version="1.0" encoding="UTF-8"?>
<!-- Generated by org.testng.reporters.JUnitReportReporter -->
<testsuite hostname="saads-MBP" name="test.MyFirstTest" tests="1" failures="0" timestamp="14 Aug 2017 19:47:15 GMT" time="5.759" errors="0">
  <testcase name="openSite" time="5.759" classname="test.MyFirstTest"/>
</testsuite> <!-- test.MyFirstTest -->
